2013/08/06 14:49:46 [error] [exception.CDbException] exception 'CDbException' with message 'CDbConnection failed to open the DB connection: could not find driver' in /var/www/yii/framework/db/CDbConnection.php:382
Stack trace:
#0 /var/www/yii/framework/db/CDbConnection.php(330): CDbConnection->open()
#1 /var/www/yii/framework/db/CDbConnection.php(308): CDbConnection->setActive(true)
#2 /var/www/yii/framework/base/CModule.php(387): CDbConnection->init()
#3 /var/www/yii/framework/base/CModule.php(103): CModule->getComponent('db')
#4 /var/www/yii/framework/gii/generators/crud/CrudCode.php(44): CModule->__get('db')
#5 /var/www/yii/framework/web/CFormModel.php(39): CrudCode->init()
#6 /var/www/yii/framework/gii/CCodeGenerator.php(153): CFormModel->__construct()
#7 /var/www/yii/framework/gii/CCodeGenerator.php(63): CCodeGenerator->prepare()
#8 /var/www/yii/framework/web/actions/CInlineAction.php(49): CCodeGenerator->actionIndex()
#9 /var/www/yii/framework/web/CController.php(308): CInlineAction->runWithParams(Array)
#10 /var/www/yii/framework/web/CController.php(286): CController->runAction(Object(CInlineAction))
#11 /var/www/yii/framework/web/CController.php(265): CController->runActionWithFilters(Object(CInlineAction), Array)
#12 /var/www/yii/framework/web/CWebApplication.php(282): CController->run('index')
#13 /var/www/yii/framework/web/CWebApplication.php(141): CWebApplication->runController('gii/bootstrap/i...')
#14 /var/www/yii/framework/base/CApplication.php(180): CWebApplication->processRequest()
#15 /var/www/jamliner/index.php(13): CApplication->run()
#16 {main}
REQUEST_URI=/jamliner/index.php?r=gii/bootstrap/index
HTTP_REFERER=http://localhost/jamliner/index.php?r=gii/default/index
---
2013/08/06 16:40:50 [error] [php] Trying to get property of non-object (/var/www/jamliner/protected/views/layouts/main.php:12)
Stack trace:
#0 /var/www/yii/framework/web/widgets/CContentDecorator.php(76): SiteController->renderFile()
#1 /var/www/yii/framework/web/widgets/CContentDecorator.php(54): CContentDecorator->decorate()
#2 /var/www/yii/framework/web/widgets/COutputProcessor.php(44): CContentDecorator->processOutput()
#3 /var/www/yii/framework/web/CBaseController.php(206): CContentDecorator->run()
#4 /var/www/yii/framework/web/CBaseController.php(300): SiteController->endWidget()
#5 /var/www/jamliner/protected/views/layouts/column1.php(6): SiteController->endContent()
#6 /var/www/yii/framework/web/CBaseController.php(126): require()
#7 /var/www/yii/framework/web/CBaseController.php(95): SiteController->renderInternal()
#8 /var/www/yii/framework/web/CController.php(784): SiteController->renderFile()
#9 /var/www/jamliner/protected/controllers/SiteController.php(98): SiteController->render()
#10 /var/www/yii/framework/web/actions/CInlineAction.php(49): SiteController->actionLogin()
#11 /var/www/yii/framework/web/CController.php(308): CInlineAction->runWithParams()
#12 /var/www/yii/framework/web/CController.php(286): SiteController->runAction()
#13 /var/www/yii/framework/web/CController.php(265): SiteController->runActionWithFilters()
#14 /var/www/yii/framework/web/CWebApplication.php(282): SiteController->run()
#15 /var/www/yii/framework/web/CWebApplication.php(141): CWebApplication->runController()
#16 /var/www/yii/framework/base/CApplication.php(180): CWebApplication->processRequest()
#17 /var/www/jamliner/index.php(13): CWebApplication->run()
REQUEST_URI=/jamliner/index.php?r=site/login
in /var/www/jamliner/protected/views/layouts/main.php (12)
in /var/www/jamliner/protected/views/layouts/column1.php (6)
in /var/www/jamliner/protected/controllers/SiteController.php (98)
2013/08/06 16:42:34 [error] [php] Trying to get property of non-object (/var/www/jamliner/protected/views/layouts/main.php:12)
Stack trace:
#0 /var/www/yii/framework/web/widgets/CContentDecorator.php(76): SiteController->renderFile()
#1 /var/www/yii/framework/web/widgets/CContentDecorator.php(54): CContentDecorator->decorate()
#2 /var/www/yii/framework/web/widgets/COutputProcessor.php(44): CContentDecorator->processOutput()
#3 /var/www/yii/framework/web/CBaseController.php(206): CContentDecorator->run()
#4 /var/www/yii/framework/web/CBaseController.php(300): SiteController->endWidget()
#5 /var/www/jamliner/protected/views/layouts/column1.php(6): SiteController->endContent()
#6 /var/www/yii/framework/web/CBaseController.php(126): require()
#7 /var/www/yii/framework/web/CBaseController.php(95): SiteController->renderInternal()
#8 /var/www/yii/framework/web/CController.php(784): SiteController->renderFile()
#9 /var/www/jamliner/protected/controllers/SiteController.php(98): SiteController->render()
#10 /var/www/yii/framework/web/actions/CInlineAction.php(49): SiteController->actionLogin()
#11 /var/www/yii/framework/web/CController.php(308): CInlineAction->runWithParams()
#12 /var/www/yii/framework/web/CController.php(286): SiteController->runAction()
#13 /var/www/yii/framework/web/CController.php(265): SiteController->runActionWithFilters()
#14 /var/www/yii/framework/web/CWebApplication.php(282): SiteController->run()
#15 /var/www/yii/framework/web/CWebApplication.php(141): CWebApplication->runController()
#16 /var/www/yii/framework/base/CApplication.php(180): CWebApplication->processRequest()
#17 /var/www/jamliner/index.php(13): CWebApplication->run()
REQUEST_URI=/jamliner/index.php?r=site/login
in /var/www/jamliner/protected/views/layouts/main.php (12)
in /var/www/jamliner/protected/views/layouts/column1.php (6)
in /var/www/jamliner/protected/controllers/SiteController.php (98)
2013/08/06 16:45:27 [error] [php] Trying to get property of non-object (/var/www/jamliner/protected/views/layouts/main.php:12)
Stack trace:
#0 /var/www/yii/framework/web/widgets/CContentDecorator.php(76): SiteController->renderFile()
#1 /var/www/yii/framework/web/widgets/CContentDecorator.php(54): CContentDecorator->decorate()
#2 /var/www/yii/framework/web/widgets/COutputProcessor.php(44): CContentDecorator->processOutput()
#3 /var/www/yii/framework/web/CBaseController.php(206): CContentDecorator->run()
#4 /var/www/yii/framework/web/CBaseController.php(300): SiteController->endWidget()
#5 /var/www/jamliner/protected/views/layouts/column1.php(6): SiteController->endContent()
#6 /var/www/yii/framework/web/CBaseController.php(126): require()
#7 /var/www/yii/framework/web/CBaseController.php(95): SiteController->renderInternal()
#8 /var/www/yii/framework/web/CController.php(784): SiteController->renderFile()
#9 /var/www/jamliner/protected/controllers/SiteController.php(98): SiteController->render()
#10 /var/www/yii/framework/web/actions/CInlineAction.php(49): SiteController->actionLogin()
#11 /var/www/yii/framework/web/CController.php(308): CInlineAction->runWithParams()
#12 /var/www/yii/framework/web/CController.php(286): SiteController->runAction()
#13 /var/www/yii/framework/web/CController.php(265): SiteController->runActionWithFilters()
#14 /var/www/yii/framework/web/CWebApplication.php(282): SiteController->run()
#15 /var/www/yii/framework/web/CWebApplication.php(141): CWebApplication->runController()
#16 /var/www/yii/framework/base/CApplication.php(180): CWebApplication->processRequest()
#17 /var/www/jamliner/index.php(13): CWebApplication->run()
REQUEST_URI=/jamliner/index.php?r=site/login
in /var/www/jamliner/protected/views/layouts/main.php (12)
in /var/www/jamliner/protected/views/layouts/column1.php (6)
in /var/www/jamliner/protected/controllers/SiteController.php (98)
2013/08/06 16:45:39 [error] [php] Trying to get property of non-object (/var/www/jamliner/protected/views/layouts/main.php:12)
Stack trace:
#0 /var/www/yii/framework/web/widgets/CContentDecorator.php(76): SiteController->renderFile()
#1 /var/www/yii/framework/web/widgets/CContentDecorator.php(54): CContentDecorator->decorate()
#2 /var/www/yii/framework/web/widgets/COutputProcessor.php(44): CContentDecorator->processOutput()
#3 /var/www/yii/framework/web/CBaseController.php(206): CContentDecorator->run()
#4 /var/www/yii/framework/web/CBaseController.php(300): SiteController->endWidget()
#5 /var/www/jamliner/protected/views/layouts/column1.php(6): SiteController->endContent()
#6 /var/www/yii/framework/web/CBaseController.php(126): require()
#7 /var/www/yii/framework/web/CBaseController.php(95): SiteController->renderInternal()
#8 /var/www/yii/framework/web/CController.php(784): SiteController->renderFile()
#9 /var/www/jamliner/protected/controllers/SiteController.php(98): SiteController->render()
#10 /var/www/yii/framework/web/actions/CInlineAction.php(49): SiteController->actionLogin()
#11 /var/www/yii/framework/web/CController.php(308): CInlineAction->runWithParams()
#12 /var/www/yii/framework/web/CController.php(286): SiteController->runAction()
#13 /var/www/yii/framework/web/CController.php(265): SiteController->runActionWithFilters()
#14 /var/www/yii/framework/web/CWebApplication.php(282): SiteController->run()
#15 /var/www/yii/framework/web/CWebApplication.php(141): CWebApplication->runController()
#16 /var/www/yii/framework/base/CApplication.php(180): CWebApplication->processRequest()
#17 /var/www/jamliner/index.php(13): CWebApplication->run()
REQUEST_URI=/jamliner/index.php?r=site/login
in /var/www/jamliner/protected/views/layouts/main.php (12)
in /var/www/jamliner/protected/views/layouts/column1.php (6)
in /var/www/jamliner/protected/controllers/SiteController.php (98)
2013/08/06 16:45:49 [error] [php] Trying to get property of non-object (/var/www/jamliner/protected/views/layouts/main.php:12)
Stack trace:
#0 /var/www/yii/framework/web/widgets/CContentDecorator.php(76): SiteController->renderFile()
#1 /var/www/yii/framework/web/widgets/CContentDecorator.php(54): CContentDecorator->decorate()
#2 /var/www/yii/framework/web/widgets/COutputProcessor.php(44): CContentDecorator->processOutput()
#3 /var/www/yii/framework/web/CBaseController.php(206): CContentDecorator->run()
#4 /var/www/yii/framework/web/CBaseController.php(300): SiteController->endWidget()
#5 /var/www/jamliner/protected/views/layouts/column1.php(6): SiteController->endContent()
#6 /var/www/yii/framework/web/CBaseController.php(126): require()
#7 /var/www/yii/framework/web/CBaseController.php(95): SiteController->renderInternal()
#8 /var/www/yii/framework/web/CController.php(784): SiteController->renderFile()
#9 /var/www/jamliner/protected/controllers/SiteController.php(98): SiteController->render()
#10 /var/www/yii/framework/web/actions/CInlineAction.php(49): SiteController->actionLogin()
#11 /var/www/yii/framework/web/CController.php(308): CInlineAction->runWithParams()
#12 /var/www/yii/framework/web/CController.php(286): SiteController->runAction()
#13 /var/www/yii/framework/web/CController.php(265): SiteController->runActionWithFilters()
#14 /var/www/yii/framework/web/CWebApplication.php(282): SiteController->run()
#15 /var/www/yii/framework/web/CWebApplication.php(141): CWebApplication->runController()
#16 /var/www/yii/framework/base/CApplication.php(180): CWebApplication->processRequest()
#17 /var/www/jamliner/index.php(13): CWebApplication->run()
REQUEST_URI=/jamliner/index.php?r=site/login
in /var/www/jamliner/protected/views/layouts/main.php (12)
in /var/www/jamliner/protected/views/layouts/column1.php (6)
in /var/www/jamliner/protected/controllers/SiteController.php (98)
2013/08/06 17:30:55 [error] [exception.CException] exception 'CException' with message 'Property "Routes.from" is not defined.' in /var/www/yii/framework/base/CComponent.php:130
Stack trace:
#0 /var/www/yii/framework/db/ar/CActiveRecord.php(145): CComponent->__get('from')
#1 /var/www/yii/framework/web/helpers/CHtml.php(2529): CActiveRecord->__get('from')
#2 /var/www/yii/framework/web/helpers/CHtml.php(2252): CHtml::resolveValue(Object(Routes), 'from')
#3 /var/www/yii/framework/web/helpers/CHtml.php(1434): CHtml::activeInputField('text', Object(Routes), 'from', Array)
#4 /var/www/yii/framework/web/widgets/CActiveForm.php(725): CHtml::activeTextField(Object(Routes), 'from', Array)
#5 /var/www/jamliner/protected/views/routes/_search.php(21): CActiveForm->textField(Object(Routes), 'from', Array)
#6 /var/www/yii/framework/web/CBaseController.php(126): require('/var/www/jamlin...')
#7 /var/www/yii/framework/web/CBaseController.php(95): CBaseController->renderInternal('/var/www/jamlin...', Array, true)
#8 /var/www/yii/framework/web/CController.php(869): CBaseController->renderFile('/var/www/jamlin...', Array, true)
#9 /var/www/jamliner/protected/views/routes/admin.php(40): CController->renderPartial('_search', Array)
#10 /var/www/yii/framework/web/CBaseController.php(126): require('/var/www/jamlin...')
#11 /var/www/yii/framework/web/CBaseController.php(95): CBaseController->renderInternal('/var/www/jamlin...', Array, true)
#12 /var/www/yii/framework/web/CController.php(869): CBaseController->renderFile('/var/www/jamlin...', Array, true)
#13 /var/www/yii/framework/web/CController.php(782): CController->renderPartial('admin', Array, true)
#14 /var/www/jamliner/protected/controllers/RoutesController.php(143): CController->render('admin', Array)
#15 /var/www/yii/framework/web/actions/CInlineAction.php(49): RoutesController->actionAdmin()
#16 /var/www/yii/framework/web/CController.php(308): CInlineAction->runWithParams(Array)
#17 /var/www/yii/framework/web/filters/CFilterChain.php(133): CController->runAction(Object(CInlineAction))
#18 /var/www/yii/framework/web/filters/CFilter.php(40): CFilterChain->run()
#19 /var/www/yii/framework/web/CController.php(1145): CFilter->filter(Object(CFilterChain))
#20 /var/www/yii/framework/web/filters/CInlineFilter.php(58): CController->filterAccessControl(Object(CFilterChain))
#21 /var/www/yii/framework/web/filters/CFilterChain.php(130): CInlineFilter->filter(Object(CFilterChain))
#22 /var/www/yii/framework/web/CController.php(291): CFilterChain->run()
#23 /var/www/yii/framework/web/CController.php(265): CController->runActionWithFilters(Object(CInlineAction), Array)
#24 /var/www/yii/framework/web/CWebApplication.php(282): CController->run('admin')
#25 /var/www/yii/framework/web/CWebApplication.php(141): CWebApplication->runController('routes/admin')
#26 /var/www/yii/framework/base/CApplication.php(180): CWebApplication->processRequest()
#27 /var/www/jamliner/index.php(13): CApplication->run()
#28 {main}
REQUEST_URI=/jamliner/index.php?r=routes/admin
HTTP_REFERER=http://localhost/jamliner/index.php?r=routes/index
---
2013/08/07 09:28:23 [error] [exception.CException] exception 'CException' with message 'Property "Routes.from" is not defined.' in /var/www/yii/framework/base/CComponent.php:130
Stack trace:
#0 /var/www/yii/framework/db/ar/CActiveRecord.php(145): CComponent->__get('from')
#1 /var/www/yii/framework/web/helpers/CHtml.php(2529): CActiveRecord->__get('from')
#2 /var/www/yii/framework/web/helpers/CHtml.php(2252): CHtml::resolveValue(Object(Routes), 'from')
#3 /var/www/yii/framework/web/helpers/CHtml.php(1434): CHtml::activeInputField('text', Object(Routes), 'from', Array)
#4 /var/www/yii/framework/web/widgets/CActiveForm.php(725): CHtml::activeTextField(Object(Routes), 'from', Array)
#5 /var/www/jamliner/protected/views/routes/_search.php(21): CActiveForm->textField(Object(Routes), 'from', Array)
#6 /var/www/yii/framework/web/CBaseController.php(126): require('/var/www/jamlin...')
#7 /var/www/yii/framework/web/CBaseController.php(95): CBaseController->renderInternal('/var/www/jamlin...', Array, true)
#8 /var/www/yii/framework/web/CController.php(869): CBaseController->renderFile('/var/www/jamlin...', Array, true)
#9 /var/www/jamliner/protected/views/routes/admin.php(40): CController->renderPartial('_search', Array)
#10 /var/www/yii/framework/web/CBaseController.php(126): require('/var/www/jamlin...')
#11 /var/www/yii/framework/web/CBaseController.php(95): CBaseController->renderInternal('/var/www/jamlin...', Array, true)
#12 /var/www/yii/framework/web/CController.php(869): CBaseController->renderFile('/var/www/jamlin...', Array, true)
#13 /var/www/yii/framework/web/CController.php(782): CController->renderPartial('admin', Array, true)
#14 /var/www/jamliner/protected/controllers/RoutesController.php(143): CController->render('admin', Array)
#15 /var/www/yii/framework/web/actions/CInlineAction.php(49): RoutesController->actionAdmin()
#16 /var/www/yii/framework/web/CController.php(308): CInlineAction->runWithParams(Array)
#17 /var/www/yii/framework/web/filters/CFilterChain.php(133): CController->runAction(Object(CInlineAction))
#18 /var/www/yii/framework/web/filters/CFilter.php(40): CFilterChain->run()
#19 /var/www/yii/framework/web/CController.php(1145): CFilter->filter(Object(CFilterChain))
#20 /var/www/yii/framework/web/filters/CInlineFilter.php(58): CController->filterAccessControl(Object(CFilterChain))
#21 /var/www/yii/framework/web/filters/CFilterChain.php(130): CInlineFilter->filter(Object(CFilterChain))
#22 /var/www/yii/framework/web/CController.php(291): CFilterChain->run()
#23 /var/www/yii/framework/web/CController.php(265): CController->runActionWithFilters(Object(CInlineAction), Array)
#24 /var/www/yii/framework/web/CWebApplication.php(282): CController->run('admin')
#25 /var/www/yii/framework/web/CWebApplication.php(141): CWebApplication->runController('routes/admin')
#26 /var/www/yii/framework/base/CApplication.php(180): CWebApplication->processRequest()
#27 /var/www/jamliner/index.php(13): CApplication->run()
#28 {main}
REQUEST_URI=/jamliner/index.php?r=routes/admin
HTTP_REFERER=http://localhost/jamliner/index.php?r=site/login
---
2013/08/07 09:28:36 [error] [exception.CException] exception 'CException' with message 'Property "Routes.from" is not defined.' in /var/www/yii/framework/base/CComponent.php:130
Stack trace:
#0 /var/www/yii/framework/db/ar/CActiveRecord.php(145): CComponent->__get('from')
#1 /var/www/yii/framework/web/helpers/CHtml.php(2529): CActiveRecord->__get('from')
#2 /var/www/yii/framework/web/helpers/CHtml.php(2252): CHtml::resolveValue(Object(Routes), 'from')
#3 /var/www/yii/framework/web/helpers/CHtml.php(1434): CHtml::activeInputField('text', Object(Routes), 'from', Array)
#4 /var/www/yii/framework/web/widgets/CActiveForm.php(725): CHtml::activeTextField(Object(Routes), 'from', Array)
#5 /var/www/jamliner/protected/views/routes/_search.php(21): CActiveForm->textField(Object(Routes), 'from', Array)
#6 /var/www/yii/framework/web/CBaseController.php(126): require('/var/www/jamlin...')
#7 /var/www/yii/framework/web/CBaseController.php(95): CBaseController->renderInternal('/var/www/jamlin...', Array, true)
#8 /var/www/yii/framework/web/CController.php(869): CBaseController->renderFile('/var/www/jamlin...', Array, true)
#9 /var/www/jamliner/protected/views/routes/admin.php(40): CController->renderPartial('_search', Array)
#10 /var/www/yii/framework/web/CBaseController.php(126): require('/var/www/jamlin...')
#11 /var/www/yii/framework/web/CBaseController.php(95): CBaseController->renderInternal('/var/www/jamlin...', Array, true)
#12 /var/www/yii/framework/web/CController.php(869): CBaseController->renderFile('/var/www/jamlin...', Array, true)
#13 /var/www/yii/framework/web/CController.php(782): CController->renderPartial('admin', Array, true)
#14 /var/www/jamliner/protected/controllers/RoutesController.php(143): CController->render('admin', Array)
#15 /var/www/yii/framework/web/actions/CInlineAction.php(49): RoutesController->actionAdmin()
#16 /var/www/yii/framework/web/CController.php(308): CInlineAction->runWithParams(Array)
#17 /var/www/yii/framework/web/filters/CFilterChain.php(133): CController->runAction(Object(CInlineAction))
#18 /var/www/yii/framework/web/filters/CFilter.php(40): CFilterChain->run()
#19 /var/www/yii/framework/web/CController.php(1145): CFilter->filter(Object(CFilterChain))
#20 /var/www/yii/framework/web/filters/CInlineFilter.php(58): CController->filterAccessControl(Object(CFilterChain))
#21 /var/www/yii/framework/web/filters/CFilterChain.php(130): CInlineFilter->filter(Object(CFilterChain))
#22 /var/www/yii/framework/web/CController.php(291): CFilterChain->run()
#23 /var/www/yii/framework/web/CController.php(265): CController->runActionWithFilters(Object(CInlineAction), Array)
#24 /var/www/yii/framework/web/CWebApplication.php(282): CController->run('admin')
#25 /var/www/yii/framework/web/CWebApplication.php(141): CWebApplication->runController('routes/admin')
#26 /var/www/yii/framework/base/CApplication.php(180): CWebApplication->processRequest()
#27 /var/www/jamliner/index.php(13): CApplication->run()
#28 {main}
REQUEST_URI=/jamliner/index.php?r=routes/admin
HTTP_REFERER=http://localhost/jamliner/index.php?
---
2013/08/07 09:44:52 [error] [exception.CException] exception 'CException' with message 'Property "Routes.from" is not defined.' in /var/www/yii/framework/base/CComponent.php:130
Stack trace:
#0 /var/www/yii/framework/db/ar/CActiveRecord.php(145): CComponent->__get('from')
#1 /var/www/yii/framework/web/helpers/CHtml.php(2529): CActiveRecord->__get('from')
#2 /var/www/yii/framework/web/helpers/CHtml.php(2252): CHtml::resolveValue(Object(Routes), 'from')
#3 /var/www/yii/framework/web/helpers/CHtml.php(1434): CHtml::activeInputField('text', Object(Routes), 'from', Array)
#4 /var/www/yii/framework/web/widgets/CActiveForm.php(725): CHtml::activeTextField(Object(Routes), 'from', Array)
#5 /var/www/jamliner/protected/views/routes/_search.php(21): CActiveForm->textField(Object(Routes), 'from', Array)
#6 /var/www/yii/framework/web/CBaseController.php(126): require('/var/www/jamlin...')
#7 /var/www/yii/framework/web/CBaseController.php(95): CBaseController->renderInternal('/var/www/jamlin...', Array, true)
#8 /var/www/yii/framework/web/CController.php(869): CBaseController->renderFile('/var/www/jamlin...', Array, true)
#9 /var/www/jamliner/protected/views/routes/admin.php(40): CController->renderPartial('_search', Array)
#10 /var/www/yii/framework/web/CBaseController.php(126): require('/var/www/jamlin...')
#11 /var/www/yii/framework/web/CBaseController.php(95): CBaseController->renderInternal('/var/www/jamlin...', Array, true)
#12 /var/www/yii/framework/web/CController.php(869): CBaseController->renderFile('/var/www/jamlin...', Array, true)
#13 /var/www/yii/framework/web/CController.php(782): CController->renderPartial('admin', Array, true)
#14 /var/www/jamliner/protected/controllers/RoutesController.php(143): CController->render('admin', Array)
#15 /var/www/yii/framework/web/actions/CInlineAction.php(49): RoutesController->actionAdmin()
#16 /var/www/yii/framework/web/CController.php(308): CInlineAction->runWithParams(Array)
#17 /var/www/yii/framework/web/filters/CFilterChain.php(133): CController->runAction(Object(CInlineAction))
#18 /var/www/yii/framework/web/filters/CFilter.php(40): CFilterChain->run()
#19 /var/www/yii/framework/web/CController.php(1145): CFilter->filter(Object(CFilterChain))
#20 /var/www/yii/framework/web/filters/CInlineFilter.php(58): CController->filterAccessControl(Object(CFilterChain))
#21 /var/www/yii/framework/web/filters/CFilterChain.php(130): CInlineFilter->filter(Object(CFilterChain))
#22 /var/www/yii/framework/web/CController.php(291): CFilterChain->run()
#23 /var/www/yii/framework/web/CController.php(265): CController->runActionWithFilters(Object(CInlineAction), Array)
#24 /var/www/yii/framework/web/CWebApplication.php(282): CController->run('admin')
#25 /var/www/yii/framework/web/CWebApplication.php(141): CWebApplication->runController('routes/admin')
#26 /var/www/yii/framework/base/CApplication.php(180): CWebApplication->processRequest()
#27 /var/www/jamliner/index.php(13): CApplication->run()
#28 {main}
REQUEST_URI=/jamliner/index.php?r=routes/admin
HTTP_REFERER=http://localhost/jamliner/index.php?r=routes
---
2013/08/07 09:47:56 [error] [exception.CException] exception 'CException' with message 'Property "Routes.from" is not defined.' in /var/www/yii/framework/base/CComponent.php:130
Stack trace:
#0 /var/www/yii/framework/db/ar/CActiveRecord.php(145): CComponent->__get('from')
#1 /var/www/yii/framework/web/helpers/CHtml.php(2529): CActiveRecord->__get('from')
#2 /var/www/yii/framework/web/helpers/CHtml.php(2252): CHtml::resolveValue(Object(Routes), 'from')
#3 /var/www/yii/framework/web/helpers/CHtml.php(1434): CHtml::activeInputField('text', Object(Routes), 'from', Array)
#4 /var/www/yii/framework/web/widgets/CActiveForm.php(725): CHtml::activeTextField(Object(Routes), 'from', Array)
#5 /var/www/jamliner/protected/views/routes/_search.php(21): CActiveForm->textField(Object(Routes), 'from', Array)
#6 /var/www/yii/framework/web/CBaseController.php(126): require('/var/www/jamlin...')
#7 /var/www/yii/framework/web/CBaseController.php(95): CBaseController->renderInternal('/var/www/jamlin...', Array, true)
#8 /var/www/yii/framework/web/CController.php(869): CBaseController->renderFile('/var/www/jamlin...', Array, true)
#9 /var/www/jamliner/protected/views/routes/admin.php(40): CController->renderPartial('_search', Array)
#10 /var/www/yii/framework/web/CBaseController.php(126): require('/var/www/jamlin...')
#11 /var/www/yii/framework/web/CBaseController.php(95): CBaseController->renderInternal('/var/www/jamlin...', Array, true)
#12 /var/www/yii/framework/web/CController.php(869): CBaseController->renderFile('/var/www/jamlin...', Array, true)
#13 /var/www/yii/framework/web/CController.php(782): CController->renderPartial('admin', Array, true)
#14 /var/www/jamliner/protected/controllers/RoutesController.php(143): CController->render('admin', Array)
#15 /var/www/yii/framework/web/actions/CInlineAction.php(49): RoutesController->actionAdmin()
#16 /var/www/yii/framework/web/CController.php(308): CInlineAction->runWithParams(Array)
#17 /var/www/yii/framework/web/filters/CFilterChain.php(133): CController->runAction(Object(CInlineAction))
#18 /var/www/yii/framework/web/filters/CFilter.php(40): CFilterChain->run()
#19 /var/www/yii/framework/web/CController.php(1145): CFilter->filter(Object(CFilterChain))
#20 /var/www/yii/framework/web/filters/CInlineFilter.php(58): CController->filterAccessControl(Object(CFilterChain))
#21 /var/www/yii/framework/web/filters/CFilterChain.php(130): CInlineFilter->filter(Object(CFilterChain))
#22 /var/www/yii/framework/web/CController.php(291): CFilterChain->run()
#23 /var/www/yii/framework/web/CController.php(265): CController->runActionWithFilters(Object(CInlineAction), Array)
#24 /var/www/yii/framework/web/CWebApplication.php(282): CController->run('admin')
#25 /var/www/yii/framework/web/CWebApplication.php(141): CWebApplication->runController('routes/admin')
#26 /var/www/yii/framework/base/CApplication.php(180): CWebApplication->processRequest()
#27 /var/www/jamliner/index.php(13): CApplication->run()
#28 {main}
REQUEST_URI=/jamliner/index.php?r=routes/admin
HTTP_REFERER=http://localhost/jamliner/index.php?r=routes
---
2013/08/07 09:47:58 [error] [exception.CException] exception 'CException' with message 'Property "Routes.from" is not defined.' in /var/www/yii/framework/base/CComponent.php:130
Stack trace:
#0 /var/www/yii/framework/db/ar/CActiveRecord.php(145): CComponent->__get('from')
#1 /var/www/yii/framework/web/helpers/CHtml.php(2529): CActiveRecord->__get('from')
#2 /var/www/yii/framework/web/helpers/CHtml.php(2252): CHtml::resolveValue(Object(Routes), 'from')
#3 /var/www/yii/framework/web/helpers/CHtml.php(1434): CHtml::activeInputField('text', Object(Routes), 'from', Array)
#4 /var/www/yii/framework/web/widgets/CActiveForm.php(725): CHtml::activeTextField(Object(Routes), 'from', Array)
#5 /var/www/jamliner/protected/views/routes/_search.php(21): CActiveForm->textField(Object(Routes), 'from', Array)
#6 /var/www/yii/framework/web/CBaseController.php(126): require('/var/www/jamlin...')
#7 /var/www/yii/framework/web/CBaseController.php(95): CBaseController->renderInternal('/var/www/jamlin...', Array, true)
#8 /var/www/yii/framework/web/CController.php(869): CBaseController->renderFile('/var/www/jamlin...', Array, true)
#9 /var/www/jamliner/protected/views/routes/admin.php(40): CController->renderPartial('_search', Array)
#10 /var/www/yii/framework/web/CBaseController.php(126): require('/var/www/jamlin...')
#11 /var/www/yii/framework/web/CBaseController.php(95): CBaseController->renderInternal('/var/www/jamlin...', Array, true)
#12 /var/www/yii/framework/web/CController.php(869): CBaseController->renderFile('/var/www/jamlin...', Array, true)
#13 /var/www/yii/framework/web/CController.php(782): CController->renderPartial('admin', Array, true)
#14 /var/www/jamliner/protected/controllers/RoutesController.php(143): CController->render('admin', Array)
#15 /var/www/yii/framework/web/actions/CInlineAction.php(49): RoutesController->actionAdmin()
#16 /var/www/yii/framework/web/CController.php(308): CInlineAction->runWithParams(Array)
#17 /var/www/yii/framework/web/filters/CFilterChain.php(133): CController->runAction(Object(CInlineAction))
#18 /var/www/yii/framework/web/filters/CFilter.php(40): CFilterChain->run()
#19 /var/www/yii/framework/web/CController.php(1145): CFilter->filter(Object(CFilterChain))
#20 /var/www/yii/framework/web/filters/CInlineFilter.php(58): CController->filterAccessControl(Object(CFilterChain))
#21 /var/www/yii/framework/web/filters/CFilterChain.php(130): CInlineFilter->filter(Object(CFilterChain))
#22 /var/www/yii/framework/web/CController.php(291): CFilterChain->run()
#23 /var/www/yii/framework/web/CController.php(265): CController->runActionWithFilters(Object(CInlineAction), Array)
#24 /var/www/yii/framework/web/CWebApplication.php(282): CController->run('admin')
#25 /var/www/yii/framework/web/CWebApplication.php(141): CWebApplication->runController('routes/admin')
#26 /var/www/yii/framework/base/CApplication.php(180): CWebApplication->processRequest()
#27 /var/www/jamliner/index.php(13): CApplication->run()
#28 {main}
REQUEST_URI=/jamliner/index.php?r=routes/admin
HTTP_REFERER=http://localhost/jamliner/index.php?r=routes
---
2013/08/07 10:04:29 [error] [exception.CHttpException.404] exception 'CHttpException' with message 'Unable to resolve the request "routes".' in /var/www/yii/framework/web/CWebApplication.php:286
Stack trace:
#0 /var/www/yii/framework/web/CWebApplication.php(141): CWebApplication->runController('routes')
#1 /var/www/yii/framework/base/CApplication.php(180): CWebApplication->processRequest()
#2 /var/www/jamliner/index.php(13): CApplication->run()
#3 {main}
REQUEST_URI=/jamliner/index.php?r=routes
---
2013/08/07 10:04:53 [error] [exception.CHttpException.404] exception 'CHttpException' with message 'Unable to resolve the request "routes/admin".' in /var/www/yii/framework/web/CWebApplication.php:286
Stack trace:
#0 /var/www/yii/framework/web/CWebApplication.php(141): CWebApplication->runController('routes/admin')
#1 /var/www/yii/framework/base/CApplication.php(180): CWebApplication->processRequest()
#2 /var/www/jamliner/index.php(13): CApplication->run()
#3 {main}
REQUEST_URI=/jamliner/index.php?r=routes/admin
HTTP_REFERER=http://localhost/jamliner/index.php?
---
2013/08/08 09:00:59 [error] [system.db.CDbCommand] CDbCommand::execute() failed: SQLSTATE[23000]: Integrity constraint violation: 1452 Cannot add or update a child row: a foreign key constraint fails (`jam`.`routes`, CONSTRAINT `routes_ibfk_1` FOREIGN KEY (`fare_id`) REFERENCES `fare` (`id`)). The SQL statement executed was: INSERT INTO `routes` (`active`, `line`, `source`, `destination`, `distance`, `travel_time`, `other_info`, `fare_id`) VALUES (:yp0, :yp1, :yp2, :yp3, :yp4, :yp5, :yp6, :yp7).
in /var/www/jamliner/protected/controllers/RoutesController.php (73)
in /var/www/jamliner/index.php (13)
2013/08/08 09:00:59 [error] [exception.CDbException] exception 'CDbException' with message 'CDbCommand failed to execute the SQL statement: SQLSTATE[23000]: Integrity constraint violation: 1452 Cannot add or update a child row: a foreign key constraint fails (`jam`.`routes`, CONSTRAINT `routes_ibfk_1` FOREIGN KEY (`fare_id`) REFERENCES `fare` (`id`)). The SQL statement executed was: INSERT INTO `routes` (`active`, `line`, `source`, `destination`, `distance`, `travel_time`, `other_info`, `fare_id`) VALUES (:yp0, :yp1, :yp2, :yp3, :yp4, :yp5, :yp6, :yp7)' in /var/www/yii/framework/db/CDbCommand.php:358
Stack trace:
#0 /var/www/yii/framework/db/ar/CActiveRecord.php(1077): CDbCommand->execute()
#1 /var/www/yii/framework/db/ar/CActiveRecord.php(806): CActiveRecord->insert(NULL)
#2 /var/www/jamliner/protected/controllers/RoutesController.php(73): CActiveRecord->save()
#3 /var/www/yii/framework/web/actions/CInlineAction.php(49): RoutesController->actionCreate()
#4 /var/www/yii/framework/web/CController.php(308): CInlineAction->runWithParams(Array)
#5 /var/www/yii/framework/web/filters/CFilterChain.php(133): CController->runAction(Object(CInlineAction))
#6 /var/www/yii/framework/web/filters/CFilter.php(40): CFilterChain->run()
#7 /var/www/yii/framework/web/CController.php(1145): CFilter->filter(Object(CFilterChain))
#8 /var/www/yii/framework/web/filters/CInlineFilter.php(58): CController->filterAccessControl(Object(CFilterChain))
#9 /var/www/yii/framework/web/filters/CFilterChain.php(130): CInlineFilter->filter(Object(CFilterChain))
#10 /var/www/yii/framework/web/CController.php(291): CFilterChain->run()
#11 /var/www/yii/framework/web/CController.php(265): CController->runActionWithFilters(Object(CInlineAction), Array)
#12 /var/www/yii/framework/web/CWebApplication.php(282): CController->run('create')
#13 /var/www/yii/framework/web/CWebApplication.php(141): CWebApplication->runController('routes/create')
#14 /var/www/yii/framework/base/CApplication.php(180): CWebApplication->processRequest()
#15 /var/www/jamliner/index.php(13): CApplication->run()
#16 {main}
REQUEST_URI=/jamliner/index.php?r=routes/create
HTTP_REFERER=http://localhost/jamliner/index.php?r=routes/create
---
2013/08/08 10:06:20 [error] [system.db.CDbCommand] CDbCommand::execute() failed: SQLSTATE[23000]: Integrity constraint violation: 1452 Cannot add or update a child row: a foreign key constraint fails (`jam`.`routes`, CONSTRAINT `routes_ibfk_1` FOREIGN KEY (`fare_id`) REFERENCES `fare` (`id`)). The SQL statement executed was: INSERT INTO `routes` (`active`, `line`, `source`, `destination`, `distance`, `travel_time`, `other_info`, `fare_id`) VALUES (:yp0, :yp1, :yp2, :yp3, :yp4, :yp5, :yp6, :yp7).
in /var/www/jamliner/protected/controllers/RoutesController.php (73)
in /var/www/jamliner/index.php (13)
2013/08/08 10:06:20 [error] [exception.CDbException] exception 'CDbException' with message 'CDbCommand failed to execute the SQL statement: SQLSTATE[23000]: Integrity constraint violation: 1452 Cannot add or update a child row: a foreign key constraint fails (`jam`.`routes`, CONSTRAINT `routes_ibfk_1` FOREIGN KEY (`fare_id`) REFERENCES `fare` (`id`)). The SQL statement executed was: INSERT INTO `routes` (`active`, `line`, `source`, `destination`, `distance`, `travel_time`, `other_info`, `fare_id`) VALUES (:yp0, :yp1, :yp2, :yp3, :yp4, :yp5, :yp6, :yp7)' in /var/www/yii/framework/db/CDbCommand.php:358
Stack trace:
#0 /var/www/yii/framework/db/ar/CActiveRecord.php(1077): CDbCommand->execute()
#1 /var/www/yii/framework/db/ar/CActiveRecord.php(806): CActiveRecord->insert(NULL)
#2 /var/www/jamliner/protected/controllers/RoutesController.php(73): CActiveRecord->save()
#3 /var/www/yii/framework/web/actions/CInlineAction.php(49): RoutesController->actionCreate()
#4 /var/www/yii/framework/web/CController.php(308): CInlineAction->runWithParams(Array)
#5 /var/www/yii/framework/web/filters/CFilterChain.php(133): CController->runAction(Object(CInlineAction))
#6 /var/www/yii/framework/web/filters/CFilter.php(40): CFilterChain->run()
#7 /var/www/yii/framework/web/CController.php(1145): CFilter->filter(Object(CFilterChain))
#8 /var/www/yii/framework/web/filters/CInlineFilter.php(58): CController->filterAccessControl(Object(CFilterChain))
#9 /var/www/yii/framework/web/filters/CFilterChain.php(130): CInlineFilter->filter(Object(CFilterChain))
#10 /var/www/yii/framework/web/CController.php(291): CFilterChain->run()
#11 /var/www/yii/framework/web/CController.php(265): CController->runActionWithFilters(Object(CInlineAction), Array)
#12 /var/www/yii/framework/web/CWebApplication.php(282): CController->run('create')
#13 /var/www/yii/framework/web/CWebApplication.php(141): CWebApplication->runController('routes/create')
#14 /var/www/yii/framework/base/CApplication.php(180): CWebApplication->processRequest()
#15 /var/www/jamliner/index.php(13): CApplication->run()
#16 {main}
REQUEST_URI=/jamliner/index.php?r=routes/create
HTTP_REFERER=http://localhost/jamliner/index.php?r=routes/create
---
2013/08/08 10:06:44 [error] [system.db.CDbCommand] CDbCommand::execute() failed: SQLSTATE[23000]: Integrity constraint violation: 1452 Cannot add or update a child row: a foreign key constraint fails (`jam`.`routes`, CONSTRAINT `routes_ibfk_1` FOREIGN KEY (`fare_id`) REFERENCES `fare` (`id`)). The SQL statement executed was: INSERT INTO `routes` (`active`, `line`, `source`, `destination`, `distance`, `travel_time`, `other_info`, `fare_id`) VALUES (:yp0, :yp1, :yp2, :yp3, :yp4, :yp5, :yp6, :yp7).
in /var/www/jamliner/protected/controllers/RoutesController.php (73)
in /var/www/jamliner/index.php (13)
2013/08/08 10:06:44 [error] [exception.CDbException] exception 'CDbException' with message 'CDbCommand failed to execute the SQL statement: SQLSTATE[23000]: Integrity constraint violation: 1452 Cannot add or update a child row: a foreign key constraint fails (`jam`.`routes`, CONSTRAINT `routes_ibfk_1` FOREIGN KEY (`fare_id`) REFERENCES `fare` (`id`)). The SQL statement executed was: INSERT INTO `routes` (`active`, `line`, `source`, `destination`, `distance`, `travel_time`, `other_info`, `fare_id`) VALUES (:yp0, :yp1, :yp2, :yp3, :yp4, :yp5, :yp6, :yp7)' in /var/www/yii/framework/db/CDbCommand.php:358
Stack trace:
#0 /var/www/yii/framework/db/ar/CActiveRecord.php(1077): CDbCommand->execute()
#1 /var/www/yii/framework/db/ar/CActiveRecord.php(806): CActiveRecord->insert(NULL)
#2 /var/www/jamliner/protected/controllers/RoutesController.php(73): CActiveRecord->save()
#3 /var/www/yii/framework/web/actions/CInlineAction.php(49): RoutesController->actionCreate()
#4 /var/www/yii/framework/web/CController.php(308): CInlineAction->runWithParams(Array)
#5 /var/www/yii/framework/web/filters/CFilterChain.php(133): CController->runAction(Object(CInlineAction))
#6 /var/www/yii/framework/web/filters/CFilter.php(40): CFilterChain->run()
#7 /var/www/yii/framework/web/CController.php(1145): CFilter->filter(Object(CFilterChain))
#8 /var/www/yii/framework/web/filters/CInlineFilter.php(58): CController->filterAccessControl(Object(CFilterChain))
#9 /var/www/yii/framework/web/filters/CFilterChain.php(130): CInlineFilter->filter(Object(CFilterChain))
#10 /var/www/yii/framework/web/CController.php(291): CFilterChain->run()
#11 /var/www/yii/framework/web/CController.php(265): CController->runActionWithFilters(Object(CInlineAction), Array)
#12 /var/www/yii/framework/web/CWebApplication.php(282): CController->run('create')
#13 /var/www/yii/framework/web/CWebApplication.php(141): CWebApplication->runController('routes/create')
#14 /var/www/yii/framework/base/CApplication.php(180): CWebApplication->processRequest()
#15 /var/www/jamliner/index.php(13): CApplication->run()
#16 {main}
REQUEST_URI=/jamliner/index.php?r=routes/create
HTTP_REFERER=http://localhost/jamliner/index.php?r=routes/create
---
